#
# There is insufficient memory for the Java Runtime Environment to continue.
# Native memory allocation (mmap) failed to map 262144000 bytes for Failed to commit area from 0x0000000706600000 to 0x0000000716000000 of length 262144000.
# Possible reasons:
#   The system is out of physical RAM or swap space
#   The process is running with CompressedOops enabled, and the Java Heap may be blocking the growth of the native heap
# Possible solutions:
#   Reduce memory load on the system
#   Increase physical memory or swap space
#   Check if swap backing store is full
#   Decrease Java heap size (-Xmx/-Xms)
#   Decrease number of Java threads
#   Decrease Java thread stack sizes (-Xss)
#   Set larger code cache with -XX:ReservedCodeCacheSize=
# This output file may be truncated or incomplete.
#
#  Out of Memory Error (./src/hotspot/os/windows/os_windows.cpp:3301), pid=27920, tid=20924
#
# JRE version:  (11.0.10) (build )
# Java VM: OpenJDK 64-Bit Server VM (11.0.10+0-b96-7249189, mixed mode, sharing, tiered, compressed oops, g1 gc, windows-amd64)
# No core dump will be written. Minidumps are not enabled by default on client versions of Windows
#

---------------  S U M M A R Y ------------

Command Line: org.jetbrains.git4idea.http.GitAskPassApp Username for 'https://github.com': 

Host: Intel(R) Core(TM) i7-1065G7 CPU @ 1.30GHz, 8 cores, 15G,  Windows 10 , 64 bit Build 19041 (10.0.19041.1503)
Time: Thu Mar 31 21:30:25 2022 Pacific Daylight Time elapsed time: 0.014674 seconds (0d 0h 0m 0s)

---------------  T H R E A D  ---------------

Current thread (0x0000021f7560b800):  JavaThread "Unknown thread" [_thread_in_vm, id=20924, stack(0x000000de59a00000,0x000000de59b00000)]

Stack: [0x000000de59a00000,0x000000de59b00000]
Native frames: (J=compiled Java code, j=interpreted, Vv=VM code, C=native code)
V  [jvm.dll+0x5ecfaa]
V  [jvm.dll+0x722bd5]
V  [jvm.dll+0x72412d]
V  [jvm.dll+0x7247e3]
V  [jvm.dll+0x242928]
V  [jvm.dll+0x5ea374]
V  [jvm.dll+0x5df425]
V  [jvm.dll+0x2fdebb]
V  [jvm.dll+0x2fde2a]
V  [jvm.dll+0x2fdd02]
V  [jvm.dll+0x302bf6]
V  [jvm.dll+0x34b2a3]
V  [jvm.dll+0x34b9a6]
V  [jvm.dll+0x34b3a3]
V  [jvm.dll+0x2d8888]
V  [jvm.dll+0x2d9a37]
V  [jvm.dll+0x701737]
V  [jvm.dll+0x702f2c]
V  [jvm.dll+0x3587d9]
V  [jvm.dll+0x6e4fae]
V  [jvm.dll+0x3c0be3]
V  [jvm.dll+0x3c2e91]
C  [jli.dll+0x5373]
C  [ucrtbase.dll+0x21bb2]
C  [KERNEL32.DLL+0x17034]
C  [ntdll.dll+0x52651]


---------------  P R O C E S S  ---------------

Threads class SMR info:
_java_thread_list=0x0000021f755140e0, length=0, elements={
}

Java Threads: ( => current thread )

Other Threads:
  0x0000021f75621000 GCTaskThread "GC Thread#0" [stack: 0x000000de59b00000,0x000000de59c00000] [id=17044]
  0x0000021f7567c800 ConcurrentGCThread "G1 Main Marker" [stack: 0x000000de59c00000,0x000000de59d00000] [id=9624]
  0x0000021f75680000 ConcurrentGCThread "G1 Conc#0" [stack: 0x000000de59d00000,0x000000de59e00000] [id=10304]

[error occurred during error reporting (printing all threads), id 0xc0000005, EXCEPTION_ACCESS_VIOLATION (0xc0000005) at pc=0x00007ffd70d89107]

VM state:not at safepoint (not fully initialized)

VM Mutex/Monitor currently owned by a thread:  ([mutex/lock_event])
[0x0000021f756075c0] Heap_lock - owner thread: 0x0000021f7560b800

Heap address: 0x0000000706600000, size: 3994 MB, Compressed Oops mode: Non-zero based: 0x0000000706600000
Narrow klass base: 0x0000000000000000, Narrow klass shift: 0

GC Heap History (0 events):
No events

Deoptimization events (0 events):
No events

Classes redefined (0 events):
No events

Internal exceptions (0 events):
No events

Events (1 events):
Event: 0.008 Loaded shared library C:\Program Files\Android\Android Studio\jre\bin\zip.dll


Dynamic libraries:
0x00007ff707910000 - 0x00007ff70791a000 	C:\Program Files\Android\Android Studio\jre\bin\java.exe
0x00007ffdcf630000 - 0x00007ffdcf825000 	C:\WINDOWS\SYSTEM32\ntdll.dll
0x00007ffdcef30000 - 0x00007ffdcefee000 	C:\WINDOWS\System32\KERNEL32.DLL
0x00007ffdcd2b0000 - 0x00007ffdcd578000 	C:\WINDOWS\System32\KERNELBASE.dll
0x00007ffdcd1b0000 - 0x00007ffdcd2b0000 	C:\WINDOWS\System32\ucrtbase.dll
0x00007ffdb8f60000 - 0x00007ffdb8f77000 	C:\Program Files\Android\Android Studio\jre\bin\VCRUNTIME140.dll
0x00007ffdb9c80000 - 0x00007ffdb9c99000 	C:\Program Files\Android\Android Studio\jre\bin\jli.dll
0x00007ffdcf3d0000 - 0x00007ffdcf570000 	C:\WINDOWS\System32\USER32.dll
0x00007ffdcce50000 - 0x00007ffdcce72000 	C:\WINDOWS\System32\win32u.dll
0x00007ffdb51a0000 - 0x00007ffdb543a000 	C:\WINDOWS\WinSxS\amd64_microsoft.windows.common-controls_6595b64144ccf1df_6.0.19041.1110_none_60b5254171f9507e\COMCTL32.dll
0x00007ffdcf3a0000 - 0x00007ffdcf3cb000 	C:\WINDOWS\System32\GDI32.dll
0x00007ffdcf120000 - 0x00007ffdcf1be000 	C:\WINDOWS\System32\msvcrt.dll
0x00007ffdccd40000 - 0x00007ffdcce4d000 	C:\WINDOWS\System32\gdi32full.dll
0x00007ffdcce80000 - 0x00007ffdccf1d000 	C:\WINDOWS\System32\msvcp_win.dll
0x00007ffdceb90000 - 0x00007ffdcebc0000 	C:\WINDOWS\System32\IMM32.DLL
0x00007ffd9f510000 - 0x00007ffd9f5ad000 	C:\Program Files\Android\Android Studio\jre\bin\msvcp140.dll
0x00007ffd70aa0000 - 0x00007ffd7156f000 	C:\Program Files\Android\Android Studio\jre\bin\server\jvm.dll
0x00007ffdcf2f0000 - 0x00007ffdcf39e000 	C:\WINDOWS\System32\ADVAPI32.dll
0x00007ffdce7d0000 - 0x00007ffdce86c000 	C:\WINDOWS\System32\sechost.dll
0x00007ffdcd680000 - 0x00007ffdcd7a5000 	C:\WINDOWS\System32\RPCRT4.dll
0x00007ffdcdb90000 - 0x00007ffdcdb98000 	C:\WINDOWS\System32\PSAPI.DLL
0x00007ffdcbb20000 - 0x00007ffdcbb2a000 	C:\WINDOWS\SYSTEM32\VERSION.dll
0x00007ffdbda00000 - 0x00007ffdbda27000 	C:\WINDOWS\SYSTEM32\WINMM.dll
0x00007ffdc67d0000 - 0x00007ffdc67d9000 	C:\WINDOWS\SYSTEM32\WSOCK32.dll
0x00007ffdce870000 - 0x00007ffdce8db000 	C:\WINDOWS\System32\WS2_32.dll
0x00007ffdcbae0000 - 0x00007ffdcbaf2000 	C:\WINDOWS\SYSTEM32\kernel.appcore.dll
0x00007ffdc55e0000 - 0x00007ffdc55f1000 	C:\Program Files\Android\Android Studio\jre\bin\verify.dll
0x00007ffdc3a40000 - 0x00007ffdc3c24000 	C:\WINDOWS\SYSTEM32\DBGHELP.DLL
0x00007ffdc3e70000 - 0x00007ffdc3e9c000 	C:\WINDOWS\SYSTEM32\dbgcore.DLL
0x00007ffdcd5f0000 - 0x00007ffdcd672000 	C:\WINDOWS\System32\bcryptPrimitives.dll
0x00007ffdc4540000 - 0x00007ffdc4569000 	C:\Program Files\Android\Android Studio\jre\bin\java.dll
0x00007ffdc6760000 - 0x00007ffdc676b000 	C:\Program Files\Android\Android Studio\jre\bin\jimage.dll
0x00007ffdc55a0000 - 0x00007ffdc55b8000 	C:\Program Files\Android\Android Studio\jre\bin\zip.dll

dbghelp: loaded successfully - version: 4.0.5 - missing functions: none
symbol engine: initialized successfully - sym options: 0x614 - pdb path: .;C:\Program Files\Android\Android Studio\jre\bin;C:\WINDOWS\SYSTEM32;C:\WINDOWS\WinSxS\amd64_microsoft.windows.common-controls_6595b64144ccf1df_6.0.19041.1110_none_60b5254171f9507e;C:\Program Files\Android\Android Studio\jre\bin\server

VM Arguments:
java_command: org.jetbrains.git4idea.http.GitAskPassApp Username for 'https://github.com': 
java_class_path (initial): C:/Program Files/Android/Android Studio/plugins/git4idea/lib/git4idea-rt.jar;C:/Program Files/Android/Android Studio/lib/xmlrpc-2.0.1.jar;C:/Program Files/Android/Android Studio/lib/commons-codec-1.14.jar
Launcher Type: SUN_STANDARD

[Global flags]
     intx CICompilerCount                          = 4                                         {product} {ergonomic}
     uint ConcGCThreads                            = 2                                         {product} {ergonomic}
     uint G1ConcRefinementThreads                  = 8                                         {product} {ergonomic}
   size_t G1HeapRegionSize                         = 1048576                                   {product} {ergonomic}
    uintx GCDrainStackTargetSize                   = 64                                        {product} {ergonomic}
   size_t InitialHeapSize                          = 262144000                                 {product} {ergonomic}
   size_t MarkStackSize                            = 4194304                                   {product} {ergonomic}
   size_t MaxHeapSize                              = 4188012544                                {product} {ergonomic}
   size_t MinHeapDeltaBytes                        = 1048576                                   {product} {ergonomic}
    uintx NonNMethodCodeHeapSize                   = 5836300                                {pd product} {ergonomic}
    uintx NonProfiledCodeHeapSize                  = 122910970                              {pd product} {ergonomic}
    uintx ProfiledCodeHeapSize                     = 122910970                              {pd product} {ergonomic}
    uintx ReservedCodeCacheSize                    = 251658240                              {pd product} {ergonomic}
     bool SegmentedCodeCache                       = true                                      {product} {ergonomic}
     bool UseCompressedClassPointers               = true                                 {lp64_product} {ergonomic}
     bool UseCompressedOops                        = true                                 {lp64_product} {ergonomic}
     bool UseG1GC                                  = true                                      {product} {ergonomic}
     bool UseLargePagesIndividualAllocation        = false                                  {pd product} {ergonomic}

Logging:
Log output configuration:
 #0: stdout all=warning uptime,level,tags
 #1: stderr all=off uptime,level,tags

Environment Variables:
PATH=C:/Users/Halcyon/AppData/Local/Programs/Git/mingw64/libexec/git-core;C:/Users/Halcyon/AppData/Local/Programs/Git/mingw64/libexec/git-core;C:\Users\Halcyon\AppData\Local\Programs\Git\mingw64\bin;C:\Users\Halcyon\AppData\Local\Programs\Git\usr\bin;C:\SPB_DATA\bin;C:\Program Files\Eclipse Adoptium\jdk-17.0.2.8-hotspot\bin;C:\Program Files\Common Files\Oracle\Java\javapath;C:\Program Files (x86)\Common Files\Oracle\Java\javapath;C:\WINDOWS\system32;C:\WINDOWS;C:\WINDOWS\System32\Wbem;C:\WINDOWS\System32\WindowsPowerShell\v1.0\;C:\WINDOWS\System32\OpenSSH\;C:\Program Files (x86)\IVI Foundation\VISA\WinNT\Bin\;C:\Program Files\IVI Foundation\VISA\Win64\Bin\;C:\Program Files\nodejs\;C:\Program Files (x86)\dotnet\;C:\Users\Halcyon\AppData\Local\Microsoft\WindowsApps;C:\Users\Halcyon\AppData\Local\Programs\Microsoft VS Code\bin;C:\Users\Halcyon\AppData\Local\Programs\Git\cmd;C:\Users\Halcyon\AppData\Roaming\npm;C:\Users\Halcyon\AppData\Local\GitHubDesktop\bin
USERNAME=Halcyon
DISPLAY=:0.0
LC_ALL=en_US.UTF-8
OS=Windows_NT
PROCESSOR_IDENTIFIER=Intel64 Family 6 Model 126 Stepping 5, GenuineIntel



---------------  S Y S T E M  ---------------

OS: Windows 10 , 64 bit Build 19041 (10.0.19041.1503)
OS uptime: 25 days 16:22 hours

CPU:total 8 (initial active 8) (4 cores per cpu, 2 threads per core) family 6 model 126 stepping 5 microcode 0xa6, cmov, cx8, fxsr, mmx, sse, sse2, sse3, ssse3, sse4.1, sse4.2, popcnt, avx, avx2, aes, clmul, erms, 3dnowpref, lzcnt, ht, tsc, tscinvbit, bmi1, bmi2, adx, evex, sha, fma

Memory: 4k page, system-wide physical 15970M (865M free)
TotalPageFile size 32354M (AvailPageFile size 155M)
current process WorkingSet (physical memory assigned to process): 10M, peak: 10M
current process commit charge ("private bytes"): 60M, peak: 310M

vm_info: OpenJDK 64-Bit Server VM (11.0.10+0-b96-7249189) for windows-amd64 JRE (11.0.10+0-b96-7249189), built on Mar 31 2021 21:44:00 by "builder" with MS VC++ 14.0 (VS2015)

END.
